This file contains any messages produced by compilers while
running configure, to aid debugging if configure makes a mistake.

It was created by jansson configure 2.13.1, which was
generated by GNU Autoconf 2.69.  Invocation command line was

  $ ./configure --with-pic --enable-static --prefix=/home/bmcqueen/git/fluent-bit/build

## --------- ##
## Platform. ##
## --------- ##

hostname = bmcqueen-ld1.linkedin.biz
uname -m = x86_64
uname -r = 3.10.0-957.21.3.el7.x86_64
uname -s = Linux
uname -v = #1 SMP Fri Jun 14 02:54:29 EDT 2019

/usr/bin/uname -p = x86_64
/bin/uname -X     = unknown

/bin/arch              = x86_64
/usr/bin/arch -k       = unknown
/usr/convex/getsysinfo = unknown
/usr/bin/hostinfo      = unknown
/bin/machine           = unknown
/usr/bin/oslevel       = unknown
/bin/universe          = unknown

PATH: /home/bmcqueen/perl5/bin
PATH: /usr/local/maven/bin
PATH: /export/apps/xtools/gradle-3.5/bin
PATH: /home/bmcqueen/.vscode-server/bin/db40434f562994116e5b21c24015a2e40b2504e6/bin
PATH: /home/bmcqueen/perl5/bin
PATH: /usr/local/maven/bin
PATH: /export/apps/xtools/gradle-3.5/bin
PATH: /home/bmcqueen/.vscode-server/bin/db40434f562994116e5b21c24015a2e40b2504e6/bin
PATH: /home/bmcqueen/.nvm/versions/node/v6.17.1/bin
PATH: /home/bmcqueen/perl5/bin
PATH: /export/apps/xtools/bin
PATH: /usr/lib64/qt-3.3/bin
PATH: /usr/local/maven/bin
PATH: /export/apps/xtools/gradle-3.5/bin
PATH: /usr/local/bin
PATH: /usr/bin
PATH: /usr/local/sbin
PATH: /usr/sbin
PATH: /export/apps/xtools/apache-ant-1.7.1/bin
PATH: /var/cfengine/bin
PATH: /export/apps/xtools/charles-proxy/bin
PATH: /usr/local/go/bin
PATH: /home/bmcqueen/go/bin
PATH: /export/apps/xtools/oracle-instantclient
PATH: /opt/puppetlabs/bin
PATH: /usr/local/linkedin/bin
PATH: /export/content/linkedin/bin
PATH: /home/bmcqueen/bin
PATH: /export/apps/jdk/JDK-1_8_0_121/bin
PATH: /usr/local/bin
PATH: /usr/local/mysql/bin
PATH: /usr/local/linkedin/bin
PATH: /usr/bin/maven/bin/
PATH: /usr/local/go/bin
PATH: /home/bmcqueen/go/bin
PATH: /usr/local/kubebuilder/bin
PATH: /export/apps/xtools/apache-ant-1.7.1/bin
PATH: /var/cfengine/bin
PATH: /export/apps/xtools/charles-proxy/bin
PATH: /export/apps/xtools/oracle-instantclient
PATH: /home/bmcqueen/bin
PATH: /export/apps/jdk/JDK-1_8_0_121/bin
PATH: /usr/local/bin
PATH: /usr/local/mysql/bin
PATH: /usr/local/linkedin/bin
PATH: /usr/bin/maven/bin/
PATH: /usr/local/go/bin
PATH: /home/bmcqueen/go/bin
PATH: /usr/local/kubebuilder/bin
PATH: /export/apps/xtools/apache-ant-1.7.1/bin
PATH: /var/cfengine/bin
PATH: /export/apps/xtools/charles-proxy/bin
PATH: /export/apps/xtools/oracle-instantclient


## ----------- ##
## Core tests. ##
## ----------- ##

configure:2554: checking for a BSD-compatible install
configure:2622: result: /usr/bin/install -c
configure:2633: checking whether build environment is sane
configure:2688: result: yes
configure:2839: checking for a thread-safe mkdir -p
configure:2878: result: /usr/bin/mkdir -p
configure:2885: checking for gawk
configure:2901: found /usr/bin/gawk
configure:2912: result: gawk
configure:2923: checking whether make sets $(MAKE)
configure:2945: result: yes
configure:2974: checking whether make supports nested variables
configure:2991: result: yes
configure:3171: checking for gcc
configure:3187: found /usr/bin/gcc
configure:3198: result: gcc
configure:3427: checking for C compiler version
configure:3436: gcc --version >&5
gcc (GCC) 4.8.5 20150623 (Red Hat 4.8.5-36)
Copyright (C) 2015 Free Software Foundation, Inc.
This is free software; see the source for copying conditions.  There is NO
warranty; not even for MERCHANTABILITY or FITNESS FOR A PARTICULAR PURPOSE.

configure:3447: $? = 0
configure:3436: gcc -v >&5
Using built-in specs.
COLLECT_GCC=gcc
COLLECT_LTO_WRAPPER=/usr/libexec/gcc/x86_64-redhat-linux/4.8.5/lto-wrapper
Target: x86_64-redhat-linux
Configured with: ../configure --prefix=/usr --mandir=/usr/share/man --infodir=/usr/share/info --with-bugurl=http://bugzilla.redhat.com/bugzilla --enable-bootstrap --enable-shared --enable-threads=posix --enable-checking=release --with-system-zlib --enable-__cxa_atexit --disable-libunwind-exceptions --enable-gnu-unique-object --enable-linker-build-id --with-linker-hash-style=gnu --enable-languages=c,c++,objc,obj-c++,java,fortran,ada,go,lto --enable-plugin --enable-initfini-array --disable-libgcj --with-isl=/builddir/build/BUILD/gcc-4.8.5-20150702/obj-x86_64-redhat-linux/isl-install --with-cloog=/builddir/build/BUILD/gcc-4.8.5-20150702/obj-x86_64-redhat-linux/cloog-install --enable-gnu-indirect-function --with-tune=generic --with-arch_32=x86-64 --build=x86_64-redhat-linux
Thread model: posix
gcc version 4.8.5 20150623 (Red Hat 4.8.5-36) (GCC) 
configure:3447: $? = 0
configure:3436: gcc -V >&5
gcc: error: unrecognized command line option '-V'
gcc: fatal error: no input files
compilation terminated.
configure:3447: $? = 4
configure:3436: gcc -qversion >&5
gcc: error: unrecognized command line option '-qversion'
gcc: fatal error: no input files
compilation terminated.
configure:3447: $? = 4
configure:3467: checking whether the C compiler works
configure:3489: gcc    conftest.c  >&5
configure:3493: $? = 0
configure:3541: result: yes
configure:3544: checking for C compiler default output file name
configure:3546: result: a.out
configure:3552: checking for suffix of executables
configure:3559: gcc -o conftest    conftest.c  >&5
configure:3563: $? = 0
configure:3585: result: 
configure:3607: checking whether we are cross compiling
configure:3615: gcc -o conftest    conftest.c  >&5
configure:3619: $? = 0
configure:3626: ./conftest
configure:3630: $? = 0
configure:3645: result: no
configure:3650: checking for suffix of object files
configure:3672: gcc -c   conftest.c >&5
configure:3676: $? = 0
configure:3697: result: o
configure:3701: checking whether we are using the GNU C compiler
configure:3720: gcc -c   conftest.c >&5
configure:3720: $? = 0
configure:3729: result: yes
configure:3738: checking whether gcc accepts -g
configure:3758: gcc -c -g  conftest.c >&5
configure:3758: $? = 0
configure:3799: result: yes
configure:3816: checking for gcc option to accept ISO C89
configure:3879: gcc  -c -g -O2  conftest.c >&5
configure:3879: $? = 0
configure:3892: result: none needed
configure:3917: checking whether gcc understands -c and -o together
configure:3939: gcc -c conftest.c -o conftest2.o
configure:3942: $? = 0
configure:3939: gcc -c conftest.c -o conftest2.o
configure:3942: $? = 0
configure:3954: result: yes
configure:3974: checking whether make supports the include directive
configure:3989: make -f confmf.GNU && cat confinc.out
make[3]: Entering directory `/home/bmcqueen/git/fluent-bit/lib/jansson-2.13.1'
make[3]: Leaving directory `/home/bmcqueen/git/fluent-bit/lib/jansson-2.13.1'
this is the am__doit target
configure:3992: $? = 0
configure:4011: result: yes (GNU style)
configure:4036: checking dependency style of gcc
configure:4147: result: gcc3
configure:4220: checking for g++
configure:4236: found /usr/bin/g++
configure:4247: result: g++
configure:4274: checking for C++ compiler version
configure:4283: g++ --version >&5
g++ (GCC) 4.8.5 20150623 (Red Hat 4.8.5-36)
Copyright (C) 2015 Free Software Foundation, Inc.
This is free software; see the source for copying conditions.  There is NO
warranty; not even for MERCHANTABILITY or FITNESS FOR A PARTICULAR PURPOSE.

configure:4294: $? = 0
configure:4283: g++ -v >&5
Using built-in specs.
COLLECT_GCC=g++
COLLECT_LTO_WRAPPER=/usr/libexec/gcc/x86_64-redhat-linux/4.8.5/lto-wrapper
Target: x86_64-redhat-linux
Configured with: ../configure --prefix=/usr --mandir=/usr/share/man --infodir=/usr/share/info --with-bugurl=http://bugzilla.redhat.com/bugzilla --enable-bootstrap --enable-shared --enable-threads=posix --enable-checking=release --with-system-zlib --enable-__cxa_atexit --disable-libunwind-exceptions --enable-gnu-unique-object --enable-linker-build-id --with-linker-hash-style=gnu --enable-languages=c,c++,objc,obj-c++,java,fortran,ada,go,lto --enable-plugin --enable-initfini-array --disable-libgcj --with-isl=/builddir/build/BUILD/gcc-4.8.5-20150702/obj-x86_64-redhat-linux/isl-install --with-cloog=/builddir/build/BUILD/gcc-4.8.5-20150702/obj-x86_64-redhat-linux/cloog-install --enable-gnu-indirect-function --with-tune=generic --with-arch_32=x86-64 --build=x86_64-redhat-linux
Thread model: posix
gcc version 4.8.5 20150623 (Red Hat 4.8.5-36) (GCC) 
configure:4294: $? = 0
configure:4283: g++ -V >&5
g++: error: unrecognized command line option '-V'
g++: fatal error: no input files
compilation terminated.
configure:4294: $? = 4
configure:4283: g++ -qversion >&5
g++: error: unrecognized command line option '-qversion'
g++: fatal error: no input files
compilation terminated.
configure:4294: $? = 4
configure:4298: checking whether we are using the GNU C++ compiler
configure:4317: g++ -c   conftest.cpp >&5
configure:4317: $? = 0
configure:4326: result: yes
configure:4335: checking whether g++ accepts -g
configure:4355: g++ -c -g  conftest.cpp >&5
configure:4355: $? = 0
configure:4396: result: yes
configure:4421: checking dependency style of g++
configure:4532: result: gcc3
configure:4576: checking build system type
configure:4590: result: x86_64-pc-linux-gnu
configure:4610: checking host system type
configure:4623: result: x86_64-pc-linux-gnu
configure:4664: checking how to print strings
configure:4691: result: printf
configure:4712: checking for a sed that does not truncate output
configure:4776: result: /usr/bin/sed
configure:4794: checking for grep that handles long lines and -e
configure:4852: result: /usr/bin/grep
configure:4857: checking for egrep
configure:4919: result: /usr/bin/grep -E
configure:4924: checking for fgrep
configure:4986: result: /usr/bin/grep -F
configure:5021: checking for ld used by gcc
configure:5088: result: /usr/bin/ld
configure:5095: checking if the linker (/usr/bin/ld) is GNU ld
configure:5110: result: yes
configure:5122: checking for BSD- or MS-compatible name lister (nm)
configure:5176: result: /usr/bin/nm -B
configure:5306: checking the name lister (/usr/bin/nm -B) interface
configure:5313: gcc -c -g -O2  conftest.c >&5
configure:5316: /usr/bin/nm -B "conftest.o"
configure:5319: output
0000000000000000 B some_variable
configure:5326: result: BSD nm
configure:5329: checking whether ln -s works
configure:5333: result: yes
configure:5341: checking the maximum length of command line arguments
configure:5472: result: 1572864
configure:5520: checking how to convert x86_64-pc-linux-gnu file names to x86_64-pc-linux-gnu format
configure:5560: result: func_convert_file_noop
configure:5567: checking how to convert x86_64-pc-linux-gnu file names to toolchain format
configure:5587: result: func_convert_file_noop
configure:5594: checking for /usr/bin/ld option to reload object files
configure:5601: result: -r
configure:5675: checking for objdump
configure:5691: found /usr/bin/objdump
configure:5702: result: objdump
configure:5734: checking how to recognize dependent libraries
configure:5934: result: pass_all
configure:6019: checking for dlltool
configure:6049: result: no
configure:6079: checking how to associate runtime and link libraries
configure:6106: result: printf %s\n
configure:6167: checking for ar
configure:6183: found /usr/bin/ar
configure:6194: result: ar
configure:6247: checking for archiver @FILE support
configure:6264: gcc -c -g -O2  conftest.c >&5
configure:6264: $? = 0
configure:6267: ar cr libconftest.a @conftest.lst >&5
configure:6270: $? = 0
configure:6275: ar cr libconftest.a @conftest.lst >&5
ar: conftest.o: No such file or directory
configure:6278: $? = 1
configure:6290: result: @
configure:6348: checking for strip
configure:6364: found /usr/bin/strip
configure:6375: result: strip
configure:6447: checking for ranlib
configure:6463: found /usr/bin/ranlib
configure:6474: result: ranlib
configure:6576: checking command to parse /usr/bin/nm -B output from gcc object
configure:6729: gcc -c -g -O2  conftest.c >&5
configure:6732: $? = 0
configure:6736: /usr/bin/nm -B conftest.o \| sed -n -e 's/^.*[ ]\([ABCDGIRSTW][ABCDGIRSTW]*\)[ ][ ]*\([_A-Za-z][_A-Za-z0-9]*\)$/\1 \2 \2/p' | sed '/ __gnu_lto/d' \> conftest.nm
configure:6739: $? = 0
configure:6805: gcc -o conftest -g -O2   conftest.c conftstm.o >&5
configure:6808: $? = 0
configure:6846: result: ok
configure:6893: checking for sysroot
configure:6923: result: no
configure:6930: checking for a working dd
configure:6968: result: /usr/bin/dd
configure:6972: checking how to truncate binary pipes
configure:6987: result: /usr/bin/dd bs=4096 count=1
configure:7123: gcc -c -g -O2  conftest.c >&5
configure:7126: $? = 0
configure:7316: checking for mt
configure:7346: result: no
configure:7366: checking if : is a manifest tool
configure:7372: : '-?'
configure:7380: result: no
configure:8057: checking how to run the C preprocessor
configure:8088: gcc -E  conftest.c
configure:8088: $? = 0
configure:8102: gcc -E  conftest.c
conftest.c:11:28: fatal error: ac_nonexistent.h: No such file or directory
 #include <ac_nonexistent.h>
                            ^
compilation terminated.
configure:8102: $? = 1
configure: failed program was:
| /* confdefs.h */
| #define PACKAGE_NAME "jansson"
| #define PACKAGE_TARNAME "jansson"
| #define PACKAGE_VERSION "2.13.1"
| #define PACKAGE_STRING "jansson 2.13.1"
| #define PACKAGE_BUGREPORT "https://github.com/akheron/jansson/issues"
| #define PACKAGE_URL ""
| #define PACKAGE "jansson"
| #define VERSION "2.13.1"
| /* end confdefs.h.  */
| #include <ac_nonexistent.h>
configure:8127: result: gcc -E
configure:8147: gcc -E  conftest.c
configure:8147: $? = 0
configure:8161: gcc -E  conftest.c
conftest.c:11:28: fatal error: ac_nonexistent.h: No such file or directory
 #include <ac_nonexistent.h>
                            ^
compilation terminated.
configure:8161: $? = 1
configure: failed program was:
| /* confdefs.h */
| #define PACKAGE_NAME "jansson"
| #define PACKAGE_TARNAME "jansson"
| #define PACKAGE_VERSION "2.13.1"
| #define PACKAGE_STRING "jansson 2.13.1"
| #define PACKAGE_BUGREPORT "https://github.com/akheron/jansson/issues"
| #define PACKAGE_URL ""
| #define PACKAGE "jansson"
| #define VERSION "2.13.1"
| /* end confdefs.h.  */
| #include <ac_nonexistent.h>
configure:8190: checking for ANSI C header files
configure:8210: gcc -c -g -O2  conftest.c >&5
configure:8210: $? = 0
configure:8283: gcc -o conftest -g -O2   conftest.c  >&5
configure:8283: $? = 0
configure:8283: ./conftest
configure:8283: $? = 0
configure:8294: result: yes
configure:8307: checking for sys/types.h
configure:8307: gcc -c -g -O2  conftest.c >&5
configure:8307: $? = 0
configure:8307: result: yes
configure:8307: checking for sys/stat.h
configure:8307: gcc -c -g -O2  conftest.c >&5
configure:8307: $? = 0
configure:8307: result: yes
configure:8307: checking for stdlib.h
configure:8307: gcc -c -g -O2  conftest.c >&5
configure:8307: $? = 0
configure:8307: result: yes
configure:8307: checking for string.h
configure:8307: gcc -c -g -O2  conftest.c >&5
configure:8307: $? = 0
configure:8307: result: yes
configure:8307: checking for memory.h
configure:8307: gcc -c -g -O2  conftest.c >&5
configure:8307: $? = 0
configure:8307: result: yes
configure:8307: checking for strings.h
configure:8307: gcc -c -g -O2  conftest.c >&5
configure:8307: $? = 0
configure:8307: result: yes
configure:8307: checking for inttypes.h
configure:8307: gcc -c -g -O2  conftest.c >&5
configure:8307: $? = 0
configure:8307: result: yes
configure:8307: checking for stdint.h
configure:8307: gcc -c -g -O2  conftest.c >&5
configure:8307: $? = 0
configure:8307: result: yes
configure:8307: checking for unistd.h
configure:8307: gcc -c -g -O2  conftest.c >&5
configure:8307: $? = 0
configure:8307: result: yes
configure:8321: checking for dlfcn.h
configure:8321: gcc -c -g -O2  conftest.c >&5
configure:8321: $? = 0
configure:8321: result: yes
configure:8588: checking for objdir
configure:8603: result: .libs
configure:8863: checking if gcc supports -fno-rtti -fno-exceptions
configure:8881: gcc -c -g -O2  -fno-rtti -fno-exceptions conftest.c >&5
cc1: warning: command line option '-fno-rtti' is valid for C++/ObjC++ but not for C [enabled by default]
configure:8885: $? = 0
configure:8898: result: no
configure:9256: checking for gcc option to produce PIC
configure:9263: result: -fPIC -DPIC
configure:9271: checking if gcc PIC flag -fPIC -DPIC works
configure:9289: gcc -c -g -O2  -fPIC -DPIC -DPIC conftest.c >&5
configure:9293: $? = 0
configure:9306: result: yes
configure:9335: checking if gcc static flag -static works
configure:9363: result: no
configure:9378: checking if gcc supports -c -o file.o
configure:9399: gcc -c -g -O2  -o out/conftest2.o conftest.c >&5
configure:9403: $? = 0
configure:9425: result: yes
configure:9433: checking if gcc supports -c -o file.o
configure:9480: result: yes
configure:9513: checking whether the gcc linker (/usr/bin/ld -m elf_x86_64) supports shared libraries
configure:10774: result: yes
configure:10811: checking whether -lc should be explicitly linked in
configure:10819: gcc -c -g -O2  conftest.c >&5
configure:10822: $? = 0
configure:10837: gcc -shared  -fPIC -DPIC conftest.o  -v -Wl,-soname -Wl,conftest -o conftest 2\>\&1 \| /usr/bin/grep  -lc  \>/dev/null 2\>\&1
configure:10840: $? = 0
configure:10854: result: no
configure:11014: checking dynamic linker characteristics
configure:11595: gcc -o conftest -g -O2   -Wl,-rpath -Wl,/foo conftest.c  >&5
configure:11595: $? = 0
configure:11832: result: GNU/Linux ld.so
configure:11954: checking how to hardcode library paths into programs
configure:11979: result: immediate
configure:12527: checking whether stripping libraries is possible
configure:12536: result: yes
configure:12578: checking if libtool supports shared libraries
configure:12580: result: yes
configure:12583: checking whether to build shared libraries
configure:12608: result: yes
configure:12611: checking whether to build static libraries
configure:12615: result: yes
configure:12638: checking how to run the C++ preprocessor
configure:12665: g++ -E  conftest.cpp
configure:12665: $? = 0
configure:12679: g++ -E  conftest.cpp
conftest.cpp:23:28: fatal error: ac_nonexistent.h: No such file or directory
 #include <ac_nonexistent.h>
                            ^
compilation terminated.
configure:12679: $? = 1
configure: failed program was:
| /* confdefs.h */
| #define PACKAGE_NAME "jansson"
| #define PACKAGE_TARNAME "jansson"
| #define PACKAGE_VERSION "2.13.1"
| #define PACKAGE_STRING "jansson 2.13.1"
| #define PACKAGE_BUGREPORT "https://github.com/akheron/jansson/issues"
| #define PACKAGE_URL ""
| #define PACKAGE "jansson"
| #define VERSION "2.13.1"
| #define STDC_HEADERS 1
| #define HAVE_SYS_TYPES_H 1
| #define HAVE_SYS_STAT_H 1
| #define HAVE_STDLIB_H 1
| #define HAVE_STRING_H 1
| #define HAVE_MEMORY_H 1
| #define HAVE_STRINGS_H 1
| #define HAVE_INTTYPES_H 1
| #define HAVE_STDINT_H 1
| #define HAVE_UNISTD_H 1
| #define HAVE_DLFCN_H 1
| #define LT_OBJDIR ".libs/"
| /* end confdefs.h.  */
| #include <ac_nonexistent.h>
configure:12704: result: g++ -E
configure:12724: g++ -E  conftest.cpp
configure:12724: $? = 0
configure:12738: g++ -E  conftest.cpp
conftest.cpp:23:28: fatal error: ac_nonexistent.h: No such file or directory
 #include <ac_nonexistent.h>
                            ^
compilation terminated.
configure:12738: $? = 1
configure: failed program was:
| /* confdefs.h */
| #define PACKAGE_NAME "jansson"
| #define PACKAGE_TARNAME "jansson"
| #define PACKAGE_VERSION "2.13.1"
| #define PACKAGE_STRING "jansson 2.13.1"
| #define PACKAGE_BUGREPORT "https://github.com/akheron/jansson/issues"
| #define PACKAGE_URL ""
| #define PACKAGE "jansson"
| #define VERSION "2.13.1"
| #define STDC_HEADERS 1
| #define HAVE_SYS_TYPES_H 1
| #define HAVE_SYS_STAT_H 1
| #define HAVE_STDLIB_H 1
| #define HAVE_STRING_H 1
| #define HAVE_MEMORY_H 1
| #define HAVE_STRINGS_H 1
| #define HAVE_INTTYPES_H 1
| #define HAVE_STDINT_H 1
| #define HAVE_UNISTD_H 1
| #define HAVE_DLFCN_H 1
| #define LT_OBJDIR ".libs/"
| /* end confdefs.h.  */
| #include <ac_nonexistent.h>
configure:12900: checking for ld used by g++
configure:12967: result: /usr/bin/ld -m elf_x86_64
configure:12974: checking if the linker (/usr/bin/ld -m elf_x86_64) is GNU ld
configure:12989: result: yes
configure:13044: checking whether the g++ linker (/usr/bin/ld -m elf_x86_64) supports shared libraries
configure:14118: result: yes
configure:14154: g++ -c -g -O2  conftest.cpp >&5
configure:14157: $? = 0
configure:14638: checking for g++ option to produce PIC
configure:14645: result: -fPIC -DPIC
configure:14653: checking if g++ PIC flag -fPIC -DPIC works
configure:14671: g++ -c -g -O2  -fPIC -DPIC -DPIC conftest.cpp >&5
configure:14675: $? = 0
configure:14688: result: yes
configure:14711: checking if g++ static flag -static works
configure:14739: result: no
configure:14751: checking if g++ supports -c -o file.o
configure:14772: g++ -c -g -O2  -o out/conftest2.o conftest.cpp >&5
configure:14776: $? = 0
configure:14798: result: yes
configure:14803: checking if g++ supports -c -o file.o
configure:14850: result: yes
configure:14880: checking whether the g++ linker (/usr/bin/ld -m elf_x86_64) supports shared libraries
configure:14920: result: yes
configure:15061: checking dynamic linker characteristics
configure:15806: result: GNU/Linux ld.so
configure:15871: checking how to hardcode library paths into programs
configure:15896: result: immediate
configure:15972: checking endian.h usability
configure:15972: gcc -c -g -O2  conftest.c >&5
configure:15972: $? = 0
configure:15972: result: yes
configure:15972: checking endian.h presence
configure:15972: gcc -E  conftest.c
configure:15972: $? = 0
configure:15972: result: yes
configure:15972: checking for endian.h
configure:15972: result: yes
configure:15972: checking fcntl.h usability
configure:15972: gcc -c -g -O2  conftest.c >&5
configure:15972: $? = 0
configure:15972: result: yes
configure:15972: checking fcntl.h presence
configure:15972: gcc -E  conftest.c
configure:15972: $? = 0
configure:15972: result: yes
configure:15972: checking for fcntl.h
configure:15972: result: yes
configure:15972: checking locale.h usability
configure:15972: gcc -c -g -O2  conftest.c >&5
configure:15972: $? = 0
configure:15972: result: yes
configure:15972: checking locale.h presence
configure:15972: gcc -E  conftest.c
configure:15972: $? = 0
configure:15972: result: yes
configure:15972: checking for locale.h
configure:15972: result: yes
configure:15972: checking sched.h usability
configure:15972: gcc -c -g -O2  conftest.c >&5
configure:15972: $? = 0
configure:15972: result: yes
configure:15972: checking sched.h presence
configure:15972: gcc -E  conftest.c
configure:15972: $? = 0
configure:15972: result: yes
configure:15972: checking for sched.h
configure:15972: result: yes
configure:15972: checking for unistd.h
configure:15972: result: yes
configure:15972: checking sys/param.h usability
configure:15972: gcc -c -g -O2  conftest.c >&5
configure:15972: $? = 0
configure:15972: result: yes
configure:15972: checking sys/param.h presence
configure:15972: gcc -E  conftest.c
configure:15972: $? = 0
configure:15972: result: yes
configure:15972: checking for sys/param.h
configure:15972: result: yes
configure:15972: checking for sys/stat.h
configure:15972: result: yes
configure:15972: checking sys/time.h usability
configure:15972: gcc -c -g -O2  conftest.c >&5
configure:15972: $? = 0
configure:15972: result: yes
configure:15972: checking sys/time.h presence
configure:15972: gcc -E  conftest.c
configure:15972: $? = 0
configure:15972: result: yes
configure:15972: checking for sys/time.h
configure:15972: result: yes
configure:15972: checking for sys/types.h
configure:15972: result: yes
configure:15984: checking for int32_t
configure:15984: gcc -c -g -O2  conftest.c >&5
configure:15984: $? = 0
configure:15984: gcc -c -g -O2  conftest.c >&5
conftest.c: In function 'main':
conftest.c:70:53: warning: integer overflow in expression [-Woverflow]
    < (int32_t) (((((int32_t) 1 << N) << N) - 1) * 2 + 2))];
                                                     ^
conftest.c:69:12: error: storage size of 'test_array' isn't constant
 static int test_array [1 - 2 * !((int32_t) (((((int32_t) 1 << N) << N) - 1) * 2 + 1)
            ^
configure:15984: $? = 1
configure: failed program was:
| /* confdefs.h */
| #define PACKAGE_NAME "jansson"
| #define PACKAGE_TARNAME "jansson"
| #define PACKAGE_VERSION "2.13.1"
| #define PACKAGE_STRING "jansson 2.13.1"
| #define PACKAGE_BUGREPORT "https://github.com/akheron/jansson/issues"
| #define PACKAGE_URL ""
| #define PACKAGE "jansson"
| #define VERSION "2.13.1"
| #define STDC_HEADERS 1
| #define HAVE_SYS_TYPES_H 1
| #define HAVE_SYS_STAT_H 1
| #define HAVE_STDLIB_H 1
| #define HAVE_STRING_H 1
| #define HAVE_MEMORY_H 1
| #define HAVE_STRINGS_H 1
| #define HAVE_INTTYPES_H 1
| #define HAVE_STDINT_H 1
| #define HAVE_UNISTD_H 1
| #define HAVE_DLFCN_H 1
| #define LT_OBJDIR ".libs/"
| #define HAVE_ENDIAN_H 1
| #define HAVE_FCNTL_H 1
| #define HAVE_LOCALE_H 1
| #define HAVE_SCHED_H 1
| #define HAVE_UNISTD_H 1
| #define HAVE_SYS_PARAM_H 1
| #define HAVE_SYS_STAT_H 1
| #define HAVE_SYS_TIME_H 1
| #define HAVE_SYS_TYPES_H 1
| /* end confdefs.h.  */
| #include <stdio.h>
| #ifdef HAVE_SYS_TYPES_H
| # include <sys/types.h>
| #endif
| #ifdef HAVE_SYS_STAT_H
| # include <sys/stat.h>
| #endif
| #ifdef STDC_HEADERS
| # include <stdlib.h>
| # include <stddef.h>
| #else
| # ifdef HAVE_STDLIB_H
| #  include <stdlib.h>
| # endif
| #endif
| #ifdef HAVE_STRING_H
| # if !defined STDC_HEADERS && defined HAVE_MEMORY_H
| #  include <memory.h>
| # endif
| # include <string.h>
| #endif
| #ifdef HAVE_STRINGS_H
| # include <strings.h>
| #endif
| #ifdef HAVE_INTTYPES_H
| # include <inttypes.h>
| #endif
| #ifdef HAVE_STDINT_H
| # include <stdint.h>
| #endif
| #ifdef HAVE_UNISTD_H
| # include <unistd.h>
| #endif
| 	        enum { N = 32 / 2 - 1 };
| int
| main ()
| {
| static int test_array [1 - 2 * !((int32_t) (((((int32_t) 1 << N) << N) - 1) * 2 + 1)
| 		 < (int32_t) (((((int32_t) 1 << N) << N) - 1) * 2 + 2))];
| test_array [0] = 0;
| return test_array [0];
| 
|   ;
|   return 0;
| }
configure:15984: result: yes
configure:15995: checking for uint32_t
configure:15995: gcc -c -g -O2  conftest.c >&5
configure:15995: $? = 0
configure:15995: result: yes
configure:16009: checking for uint16_t
configure:16009: gcc -c -g -O2  conftest.c >&5
configure:16009: $? = 0
configure:16009: result: yes
configure:16021: checking for uint8_t
configure:16021: gcc -c -g -O2  conftest.c >&5
configure:16021: $? = 0
configure:16021: result: yes
configure:16036: checking for unsigned long long int
configure:16075: gcc -o conftest -g -O2   conftest.c  >&5
configure:16075: $? = 0
configure:16084: result: yes
configure:16094: checking for long long int
configure:16132: gcc -o conftest -g -O2   conftest.c  >&5
configure:16132: $? = 0
configure:16132: ./conftest
configure:16132: $? = 0
configure:16144: result: yes
configure:16153: checking for inline
configure:16169: gcc -c -g -O2  conftest.c >&5
configure:16169: $? = 0
configure:16177: result: inline
configure:16206: checking for close
configure:16206: gcc -o conftest -g -O2   conftest.c  >&5
configure:16206: $? = 0
configure:16206: result: yes
configure:16206: checking for getpid
configure:16206: gcc -o conftest -g -O2   conftest.c  >&5
configure:16206: $? = 0
configure:16206: result: yes
configure:16206: checking for gettimeofday
configure:16206: gcc -o conftest -g -O2   conftest.c  >&5
configure:16206: $? = 0
configure:16206: result: yes
configure:16206: checking for localeconv
configure:16206: gcc -o conftest -g -O2   conftest.c  >&5
configure:16206: $? = 0
configure:16206: result: yes
configure:16206: checking for open
configure:16206: gcc -o conftest -g -O2   conftest.c  >&5
configure:16206: $? = 0
configure:16206: result: yes
configure:16206: checking for read
configure:16206: gcc -o conftest -g -O2   conftest.c  >&5
configure:16206: $? = 0
configure:16206: result: yes
configure:16206: checking for sched_yield
configure:16206: gcc -o conftest -g -O2   conftest.c  >&5
configure:16206: $? = 0
configure:16206: result: yes
configure:16206: checking for strtoll
configure:16206: gcc -o conftest -g -O2   conftest.c  >&5
configure:16206: $? = 0
configure:16206: result: yes
configure:16216: checking for gcc __sync builtins
configure:16230: gcc -o conftest -g -O2   conftest.c  >&5
configure:16230: $? = 0
configure:16244: result: yes
configure:16247: checking for gcc __atomic builtins
configure:16261: gcc -o conftest -g -O2   conftest.c  >&5
configure:16261: $? = 0
configure:16275: result: yes
configure:16341: checking for -Bsymbolic-functions linker flag
configure:16356: gcc -o conftest -g -O2  -Wl,-Bsymbolic-functions conftest.c  >&5
configure:16356: $? = 0
configure:16357: result: yes
configure:16421: checking for -Wno-format-truncation
configure:16425: result: yes
configure:16548: checking that generated files are newer than configure
configure:16554: result: done
configure:16597: creating ./config.status

## ---------------------- ##
## Running config.status. ##
## ---------------------- ##

This file was extended by jansson config.status 2.13.1, which was
generated by GNU Autoconf 2.69.  Invocation command line was

  CONFIG_FILES    = 
  CONFIG_HEADERS  = 
  CONFIG_LINKS    = 
  CONFIG_COMMANDS = 
  $ ./config.status 

on bmcqueen-ld1.linkedin.biz

config.status:1196: creating jansson.pc
config.status:1196: creating Makefile
config.status:1196: creating doc/Makefile
config.status:1196: creating src/Makefile
config.status:1196: creating src/jansson_config.h
config.status:1196: creating test/Makefile
config.status:1196: creating test/bin/Makefile
config.status:1196: creating test/ossfuzz/Makefile
config.status:1196: creating test/suites/Makefile
config.status:1196: creating test/suites/api/Makefile
config.status:1196: creating jansson_private_config.h
config.status:1377: jansson_private_config.h is unchanged
config.status:1425: executing depfiles commands
config.status:1502: cd src       && sed -e '/# am--include-marker/d' Makefile         | make -f - am--depfiles
make[3]: Entering directory `/home/bmcqueen/git/fluent-bit/lib/jansson-2.13.1/src'
make[3]: Nothing to be done for `am--depfiles'.
make[3]: Leaving directory `/home/bmcqueen/git/fluent-bit/lib/jansson-2.13.1/src'
config.status:1507: $? = 0
config.status:1502: cd test/bin       && sed -e '/# am--include-marker/d' Makefile         | make -f - am--depfiles
make[3]: Entering directory `/home/bmcqueen/git/fluent-bit/lib/jansson-2.13.1/test/bin'
make[3]: Nothing to be done for `am--depfiles'.
make[3]: Leaving directory `/home/bmcqueen/git/fluent-bit/lib/jansson-2.13.1/test/bin'
config.status:1507: $? = 0
config.status:1502: cd test/ossfuzz       && sed -e '/# am--include-marker/d' Makefile         | make -f - am--depfiles
make[3]: Entering directory `/home/bmcqueen/git/fluent-bit/lib/jansson-2.13.1/test/ossfuzz'
make[3]: Nothing to be done for `am--depfiles'.
make[3]: Leaving directory `/home/bmcqueen/git/fluent-bit/lib/jansson-2.13.1/test/ossfuzz'
config.status:1507: $? = 0
config.status:1502: cd test/suites/api       && sed -e '/# am--include-marker/d' Makefile         | make -f - am--depfiles
make[3]: Entering directory `/home/bmcqueen/git/fluent-bit/lib/jansson-2.13.1/test/suites/api'
make[3]: Nothing to be done for `am--depfiles'.
make[3]: Leaving directory `/home/bmcqueen/git/fluent-bit/lib/jansson-2.13.1/test/suites/api'
config.status:1507: $? = 0
config.status:1425: executing libtool commands

## ---------------- ##
## Cache variables. ##
## ---------------- ##

ac_cv_build=x86_64-pc-linux-gnu
ac_cv_c_compiler_gnu=yes
ac_cv_c_inline=inline
ac_cv_c_int32_t=yes
ac_cv_c_uint16_t=yes
ac_cv_c_uint32_t=yes
ac_cv_c_uint8_t=yes
ac_cv_cxx_compiler_gnu=yes
ac_cv_env_CCC_set=
ac_cv_env_CCC_value=
ac_cv_env_CC_set=
ac_cv_env_CC_value=
ac_cv_env_CFLAGS_set=
ac_cv_env_CFLAGS_value=
ac_cv_env_CPPFLAGS_set=
ac_cv_env_CPPFLAGS_value=
ac_cv_env_CPP_set=
ac_cv_env_CPP_value=
ac_cv_env_CXXCPP_set=
ac_cv_env_CXXCPP_value=
ac_cv_env_CXXFLAGS_set=
ac_cv_env_CXXFLAGS_value=
ac_cv_env_CXX_set=
ac_cv_env_CXX_value=
ac_cv_env_LDFLAGS_set=
ac_cv_env_LDFLAGS_value=
ac_cv_env_LIBS_set=
ac_cv_env_LIBS_value=
ac_cv_env_LT_SYS_LIBRARY_PATH_set=
ac_cv_env_LT_SYS_LIBRARY_PATH_value=
ac_cv_env_build_alias_set=
ac_cv_env_build_alias_value=
ac_cv_env_host_alias_set=
ac_cv_env_host_alias_value=
ac_cv_env_target_alias_set=
ac_cv_env_target_alias_value=
ac_cv_func_close=yes
ac_cv_func_getpid=yes
ac_cv_func_gettimeofday=yes
ac_cv_func_localeconv=yes
ac_cv_func_open=yes
ac_cv_func_read=yes
ac_cv_func_sched_yield=yes
ac_cv_func_strtoll=yes
ac_cv_header_dlfcn_h=yes
ac_cv_header_endian_h=yes
ac_cv_header_fcntl_h=yes
ac_cv_header_inttypes_h=yes
ac_cv_header_locale_h=yes
ac_cv_header_memory_h=yes
ac_cv_header_sched_h=yes
ac_cv_header_stdc=yes
ac_cv_header_stdint_h=yes
ac_cv_header_stdlib_h=yes
ac_cv_header_string_h=yes
ac_cv_header_strings_h=yes
ac_cv_header_sys_param_h=yes
ac_cv_header_sys_stat_h=yes
ac_cv_header_sys_time_h=yes
ac_cv_header_sys_types_h=yes
ac_cv_header_unistd_h=yes
ac_cv_host=x86_64-pc-linux-gnu
ac_cv_objext=o
ac_cv_path_EGREP='/usr/bin/grep -E'
ac_cv_path_FGREP='/usr/bin/grep -F'
ac_cv_path_GREP=/usr/bin/grep
ac_cv_path_SED=/usr/bin/sed
ac_cv_path_install='/usr/bin/install -c'
ac_cv_path_lt_DD=/usr/bin/dd
ac_cv_path_mkdir=/usr/bin/mkdir
ac_cv_prog_AWK=gawk
ac_cv_prog_CPP='gcc -E'
ac_cv_prog_CXXCPP='g++ -E'
ac_cv_prog_ac_ct_AR=ar
ac_cv_prog_ac_ct_CC=gcc
ac_cv_prog_ac_ct_CXX=g++
ac_cv_prog_ac_ct_OBJDUMP=objdump
ac_cv_prog_ac_ct_RANLIB=ranlib
ac_cv_prog_ac_ct_STRIP=strip
ac_cv_prog_cc_c89=
ac_cv_prog_cc_g=yes
ac_cv_prog_cxx_g=yes
ac_cv_prog_make_make_set=yes
ac_cv_type_long_long_int=yes
ac_cv_type_unsigned_long_long_int=yes
am_cv_CC_dependencies_compiler_type=gcc3
am_cv_CXX_dependencies_compiler_type=gcc3
am_cv_make_support_nested_variables=yes
am_cv_prog_cc_c_o=yes
lt_cv_ar_at_file=@
lt_cv_archive_cmds_need_lc=no
lt_cv_deplibs_check_method=pass_all
lt_cv_file_magic_cmd='$MAGIC_CMD'
lt_cv_file_magic_test_file=
lt_cv_ld_reload_flag=-r
lt_cv_nm_interface='BSD nm'
lt_cv_objdir=.libs
lt_cv_path_LD=/usr/bin/ld
lt_cv_path_LDCXX='/usr/bin/ld -m elf_x86_64'
lt_cv_path_NM='/usr/bin/nm -B'
lt_cv_path_mainfest_tool=no
lt_cv_prog_compiler_c_o=yes
lt_cv_prog_compiler_c_o_CXX=yes
lt_cv_prog_compiler_pic='-fPIC -DPIC'
lt_cv_prog_compiler_pic_CXX='-fPIC -DPIC'
lt_cv_prog_compiler_pic_works=yes
lt_cv_prog_compiler_pic_works_CXX=yes
lt_cv_prog_compiler_rtti_exceptions=no
lt_cv_prog_compiler_static_works=no
lt_cv_prog_compiler_static_works_CXX=no
lt_cv_prog_gnu_ld=yes
lt_cv_prog_gnu_ldcxx=yes
lt_cv_sharedlib_from_linklib_cmd='printf %s\n'
lt_cv_shlibpath_overrides_runpath=no
lt_cv_sys_global_symbol_pipe='sed -n -e '\''s/^.*[	 ]\([ABCDGIRSTW][ABCDGIRSTW]*\)[	 ][	 ]*\([_A-Za-z][_A-Za-z0-9]*\)$/\1 \2 \2/p'\'' | sed '\''/ __gnu_lto/d'\'''
lt_cv_sys_global_symbol_to_c_name_address='sed -n -e '\''s/^: \(.*\) .*$/  {"\1", (void *) 0},/p'\'' -e '\''s/^[ABCDGIRSTW][ABCDGIRSTW]* .* \(.*\)$/  {"\1", (void *) \&\1},/p'\'''
lt_cv_sys_global_symbol_to_c_name_address_lib_prefix='sed -n -e '\''s/^: \(.*\) .*$/  {"\1", (void *) 0},/p'\'' -e '\''s/^[ABCDGIRSTW][ABCDGIRSTW]* .* \(lib.*\)$/  {"\1", (void *) \&\1},/p'\'' -e '\''s/^[ABCDGIRSTW][ABCDGIRSTW]* .* \(.*\)$/  {"lib\1", (void *) \&\1},/p'\'''
lt_cv_sys_global_symbol_to_cdecl='sed -n -e '\''s/^T .* \(.*\)$/extern int \1();/p'\'' -e '\''s/^[ABCDGIRSTW][ABCDGIRSTW]* .* \(.*\)$/extern char \1;/p'\'''
lt_cv_sys_global_symbol_to_import=
lt_cv_sys_max_cmd_len=1572864
lt_cv_to_host_file_cmd=func_convert_file_noop
lt_cv_to_tool_file_cmd=func_convert_file_noop
lt_cv_truncate_bin='/usr/bin/dd bs=4096 count=1'

## ----------------- ##
## Output variables. ##
## ----------------- ##

ACLOCAL='${SHELL} /home/bmcqueen/git/fluent-bit/lib/jansson-2.13.1/missing aclocal-1.16'
AMDEPBACKSLASH='\'
AMDEP_FALSE='#'
AMDEP_TRUE=''
AMTAR='$${TAR-tar}'
AM_BACKSLASH='\'
AM_CFLAGS='-Wall -Wextra -Wdeclaration-after-statement -Wshadow -Wno-format-truncation'
AM_DEFAULT_V='$(AM_DEFAULT_VERBOSITY)'
AM_DEFAULT_VERBOSITY='1'
AM_V='$(V)'
AR='ar'
AUTOCONF='${SHELL} /home/bmcqueen/git/fluent-bit/lib/jansson-2.13.1/missing autoconf'
AUTOHEADER='${SHELL} /home/bmcqueen/git/fluent-bit/lib/jansson-2.13.1/missing autoheader'
AUTOMAKE='${SHELL} /home/bmcqueen/git/fluent-bit/lib/jansson-2.13.1/missing automake-1.16'
AWK='gawk'
CC='gcc'
CCDEPMODE='depmode=gcc3'
CFLAGS='-g -O2'
CPP='gcc -E'
CPPFLAGS=''
CXX='g++'
CXXCPP='g++ -E'
CXXDEPMODE='depmode=gcc3'
CXXFLAGS='-g -O2'
CYGPATH_W='echo'
DEFS='-DHAVE_CONFIG_H'
DEPDIR='.deps'
DLLTOOL='false'
DSYMUTIL=''
DUMPBIN=''
ECHO_C=''
ECHO_N='-n'
ECHO_T=''
EGREP='/usr/bin/grep -E'
EXEEXT=''
FGREP='/usr/bin/grep -F'
GCC_FALSE='#'
GCC_TRUE=''
GREP='/usr/bin/grep'
INSTALL_DATA='${INSTALL} -m 644'
INSTALL_PROGRAM='${INSTALL}'
INSTALL_SCRIPT='${INSTALL}'
INSTALL_STRIP_PROGRAM='$(install_sh) -c -s'
JSON_BSYMBOLIC_LDFLAGS='-Wl,-Bsymbolic-functions'
LD='/usr/bin/ld -m elf_x86_64'
LDFLAGS=''
LIBOBJS=''
LIBS=''
LIBTOOL='$(SHELL) $(top_builddir)/libtool'
LIB_FUZZING_ENGINE=''
LIPO=''
LN_S='ln -s'
LTLIBOBJS=''
LT_SYS_LIBRARY_PATH=''
MAKEINFO='${SHELL} /home/bmcqueen/git/fluent-bit/lib/jansson-2.13.1/missing makeinfo'
MANIFEST_TOOL=':'
MKDIR_P='/usr/bin/mkdir -p'
NM='/usr/bin/nm -B'
NMEDIT=''
OBJDUMP='objdump'
OBJEXT='o'
OTOOL64=''
OTOOL=''
PACKAGE='jansson'
PACKAGE_BUGREPORT='https://github.com/akheron/jansson/issues'
PACKAGE_NAME='jansson'
PACKAGE_STRING='jansson 2.13.1'
PACKAGE_TARNAME='jansson'
PACKAGE_URL=''
PACKAGE_VERSION='2.13.1'
PATH_SEPARATOR=':'
RANLIB='ranlib'
SED='/usr/bin/sed'
SET_MAKE=''
SHELL='/bin/sh'
STRIP='strip'
USE_OSSFUZZERS_FALSE=''
USE_OSSFUZZERS_TRUE='#'
USE_OSSFUZZ_FLAG_FALSE=''
USE_OSSFUZZ_FLAG_TRUE='#'
USE_OSSFUZZ_STATIC_FALSE=''
USE_OSSFUZZ_STATIC_TRUE='#'
VERSION='2.13.1'
ac_ct_AR='ar'
ac_ct_CC='gcc'
ac_ct_CXX='g++'
ac_ct_DUMPBIN=''
am__EXEEXT_FALSE=''
am__EXEEXT_TRUE='#'
am__fastdepCC_FALSE='#'
am__fastdepCC_TRUE=''
am__fastdepCXX_FALSE='#'
am__fastdepCXX_TRUE=''
am__include='include'
am__isrc=''
am__leading_dot='.'
am__nodep='_no'
am__quote=''
am__tar='$${TAR-tar} chof - "$$tardir"'
am__untar='$${TAR-tar} xf -'
bindir='${exec_prefix}/bin'
build='x86_64-pc-linux-gnu'
build_alias=''
build_cpu='x86_64'
build_os='linux-gnu'
build_vendor='pc'
datadir='${datarootdir}'
datarootdir='${prefix}/share'
docdir='${datarootdir}/doc/${PACKAGE_TARNAME}'
dvidir='${docdir}'
exec_prefix='${prefix}'
host='x86_64-pc-linux-gnu'
host_alias=''
host_cpu='x86_64'
host_os='linux-gnu'
host_vendor='pc'
htmldir='${docdir}'
includedir='${prefix}/include'
infodir='${datarootdir}/info'
install_sh='${SHELL} /home/bmcqueen/git/fluent-bit/lib/jansson-2.13.1/install-sh'
json_have_atomic_builtins='1'
json_have_localeconv='1'
json_have_long_long='1'
json_have_sync_builtins='1'
json_inline='inline'
libdir='${exec_prefix}/lib'
libexecdir='${exec_prefix}/libexec'
localedir='${datarootdir}/locale'
localstatedir='${prefix}/var'
mandir='${datarootdir}/man'
mkdir_p='$(MKDIR_P)'
oldincludedir='/usr/include'
pdfdir='${docdir}'
prefix='/home/bmcqueen/git/fluent-bit/build'
program_transform_name='s,x,x,'
psdir='${docdir}'
sbindir='${exec_prefix}/sbin'
sharedstatedir='${prefix}/com'
sysconfdir='${prefix}/etc'
target_alias=''

## ----------- ##
## confdefs.h. ##
## ----------- ##

/* confdefs.h */
#define PACKAGE_NAME "jansson"
#define PACKAGE_TARNAME "jansson"
#define PACKAGE_VERSION "2.13.1"
#define PACKAGE_STRING "jansson 2.13.1"
#define PACKAGE_BUGREPORT "https://github.com/akheron/jansson/issues"
#define PACKAGE_URL ""
#define PACKAGE "jansson"
#define VERSION "2.13.1"
#define STDC_HEADERS 1
#define HAVE_SYS_TYPES_H 1
#define HAVE_SYS_STAT_H 1
#define HAVE_STDLIB_H 1
#define HAVE_STRING_H 1
#define HAVE_MEMORY_H 1
#define HAVE_STRINGS_H 1
#define HAVE_INTTYPES_H 1
#define HAVE_STDINT_H 1
#define HAVE_UNISTD_H 1
#define HAVE_DLFCN_H 1
#define LT_OBJDIR ".libs/"
#define HAVE_ENDIAN_H 1
#define HAVE_FCNTL_H 1
#define HAVE_LOCALE_H 1
#define HAVE_SCHED_H 1
#define HAVE_UNISTD_H 1
#define HAVE_SYS_PARAM_H 1
#define HAVE_SYS_STAT_H 1
#define HAVE_SYS_TIME_H 1
#define HAVE_SYS_TYPES_H 1
#define HAVE_UNSIGNED_LONG_LONG_INT 1
#define HAVE_LONG_LONG_INT 1
#define HAVE_CLOSE 1
#define HAVE_GETPID 1
#define HAVE_GETTIMEOFDAY 1
#define HAVE_LOCALECONV 1
#define HAVE_OPEN 1
#define HAVE_READ 1
#define HAVE_SCHED_YIELD 1
#define HAVE_STRTOLL 1
#define HAVE_SYNC_BUILTINS 1
#define HAVE_ATOMIC_BUILTINS 1
#define USE_URANDOM 1
#define USE_WINDOWS_CRYPTOAPI 1
#define INITIAL_HASHTABLE_ORDER 3

configure: exit 0
